# JRE version: OpenJDK Runtime Environment OpenLogic-OpenJDK (11.0.25+9) (build 11.0.25+9-adhoc..jdk11u)
# Java VM: OpenJDK 64-Bit Server VM OpenLogic-OpenJDK (11.0.25+9-adhoc..jdk11u, mixed mode, tiered, compressed oops, g1 gc, windows-amd64)
Heap:
 garbage-first heap   total 129024K, used 45943K [0x0000000083600000, 0x0000000100000000)
  region size 1024K, 3 young (3072K), 3 survivors (3072K)
 Metaspace       used 56517K, capacity 57205K, committed 57292K, reserved 1107968K
  class space    used 6493K, capacity 6790K, committed 6860K, reserved 1048576K
GC Heap History (12 events):
Event: 3.743 GC heap before
{Heap before GC invocations=0 (full 0):
 garbage-first heap   total 129024K, used 18432K [0x0000000083600000, 0x0000000100000000)
  region size 1024K, 14 young (14336K), 0 survivors (0K)
 Metaspace       used 9500K, capacity 9579K, committed 9856K, reserved 1058816K
  class space    used 777K, capacity 788K, committed 896K, reserved 1048576K
}
Event: 3.868 GC heap after
{Heap after GC invocations=1 (full 0):
 garbage-first heap   total 129024K, used 6353K [0x0000000083600000, 0x0000000100000000)
  region size 1024K, 2 young (2048K), 2 survivors (2048K)
 Metaspace       used 9500K, capacity 9579K, committed 9856K, reserved 1058816K
  class space    used 777K, capacity 788K, committed 896K, reserved 1048576K
}
Event: 12.997 GC heap before
{Heap before GC invocations=1 (full 0):
 garbage-first heap   total 129024K, used 56529K [0x0000000083600000, 0x0000000100000000)
  region size 1024K, 52 young (53248K), 2 survivors (2048K)
 Metaspace       used 21095K, capacity 21245K, committed 21248K, reserved 1069056K
  class space    used 2216K, capacity 2302K, committed 2304K, reserved 1048576K
}
Event: 13.010 GC heap after
{Heap after GC invocations=2 (full 0):
 garbage-first heap   total 129024K, used 10538K [0x0000000083600000, 0x0000000100000000)
  region size 1024K, 7 young (7168K), 7 survivors (7168K)
 Metaspace       used 21095K, capacity 21245K, committed 21248K, reserved 1069056K
  class space    used 2216K, capacity 2302K, committed 2304K, reserved 1048576K
}
Event: 25.059 GC heap before
{Heap before GC invocations=3 (full 0):
 garbage-first heap   total 129024K, used 68906K [0x0000000083600000, 0x0000000100000000)
  region size 1024K, 58 young (59392K), 7 survivors (7168K)
 Metaspace       used 32519K, capacity 32933K, committed 33152K, reserved 1079296K
  class space    used 3975K, capacity 4145K, committed 4224K, reserved 1048576K
}
Event: 25.080 GC heap after
{Heap after GC invocations=4 (full 0):
 garbage-first heap   total 129024K, used 23970K [0x0000000083600000, 0x0000000100000000)
  region size 1024K, 8 young (8192K), 8 survivors (8192K)
 Metaspace       used 32519K, capacity 32933K, committed 33152K, reserved 1079296K
  class space    used 3975K, capacity 4145K, committed 4224K, reserved 1048576K
}
Event: 25.960 GC heap before
{Heap before GC invocations=4 (full 0):
 garbage-first heap   total 129024K, used 34210K [0x0000000083600000, 0x0000000100000000)
  region size 1024K, 19 young (19456K), 8 survivors (8192K)
 Metaspace       used 35356K, capacity 35717K, committed 35840K, reserved 1081344K
  class space    used 4268K, capacity 4433K, committed 4480K, reserved 1048576K
}
Event: 25.977 GC heap after
{Heap after GC invocations=5 (full 0):
 garbage-first heap   total 129024K, used 25234K [0x0000000083600000, 0x0000000100000000)
  region size 1024K, 2 young (2048K), 2 survivors (2048K)
 Metaspace       used 35356K, capacity 35717K, committed 35840K, reserved 1081344K
  class space    used 4268K, capacity 4433K, committed 4480K, reserved 1048576K
}
Event: 39.038 GC heap before
{Heap before GC invocations=6 (full 0):
 garbage-first heap   total 129024K, used 96914K [0x0000000083600000, 0x0000000100000000)
  region size 1024K, 70 young (71680K), 2 survivors (2048K)
 Metaspace       used 48526K, capacity 49109K, committed 49356K, reserved 1093632K
  class space    used 5586K, capacity 5818K, committed 5836K, reserved 1048576K
}
Event: 39.065 GC heap after
{Heap after GC invocations=7 (full 0):
 garbage-first heap   total 129024K, used 34816K [0x0000000083600000, 0x0000000100000000)
  region size 1024K, 9 young (9216K), 9 survivors (9216K)
 Metaspace       used 48526K, capacity 49109K, committed 49356K, reserved 1093632K
  class space    used 5586K, capacity 5818K, committed 5836K, reserved 1048576K
}
Event: 59.001 GC heap before
{Heap before GC invocations=8 (full 0):
 garbage-first heap   total 129024K, used 95232K [0x0000000083600000, 0x0000000100000000)
  region size 1024K, 67 young (68608K), 9 survivors (9216K)
 Metaspace       used 56103K, capacity 56778K, committed 57036K, reserved 1099776K
  class space    used 6486K, capacity 6783K, committed 6860K, reserved 1048576K
}
Event: 59.024 GC heap after
{Heap after GC invocations=9 (full 0):
 garbage-first heap   total 129024K, used 43162K [0x0000000083600000, 0x0000000100000000)
  region size 1024K, 8 young (8192K), 8 survivors (8192K)
 Metaspace       used 56103K, capacity 56778K, committed 57036K, reserved 1099776K
  class space    used 6486K, capacity 6783K, committed 6860K, reserved 1048576K
}

