# JRE version: OpenJDK Runtime Environment OpenLogic-OpenJDK (11.0.25+9) (build 11.0.25+9-adhoc..jdk11u)
# Java VM: OpenJDK 64-Bit Server VM OpenLogic-OpenJDK (11.0.25+9-adhoc..jdk11u, mixed mode, tiered, compressed oops, g1 gc, windows-amd64)
Heap:
 garbage-first heap   total 129024K, used 44211K [0x0000000083600000, 0x0000000100000000)
  region size 1024K, 6 young (6144K), 6 survivors (6144K)
 Metaspace       used 56484K, capacity 57193K, committed 57344K, reserved 1107968K
  class space    used 6489K, capacity 6788K, committed 6912K, reserved 1048576K
GC Heap History (12 events):
Event: 2.153 GC heap before
{Heap before GC invocations=0 (full 0):
 garbage-first heap   total 129024K, used 18432K [0x0000000083600000, 0x0000000100000000)
  region size 1024K, 14 young (14336K), 0 survivors (0K)
 Metaspace       used 9490K, capacity 9579K, committed 9856K, reserved 1058816K
  class space    used 778K, capacity 788K, committed 896K, reserved 1048576K
}
Event: 2.568 GC heap after
{Heap after GC invocations=1 (full 0):
 garbage-first heap   total 129024K, used 6418K [0x0000000083600000, 0x0000000100000000)
  region size 1024K, 2 young (2048K), 2 survivors (2048K)
 Metaspace       used 9490K, capacity 9579K, committed 9856K, reserved 1058816K
  class space    used 778K, capacity 788K, committed 896K, reserved 1048576K
}
Event: 12.958 GC heap before
{Heap before GC invocations=1 (full 0):
 garbage-first heap   total 129024K, used 56594K [0x0000000083600000, 0x0000000100000000)
  region size 1024K, 52 young (53248K), 2 survivors (2048K)
 Metaspace       used 21060K, capacity 21245K, committed 21248K, reserved 1069056K
  class space    used 2216K, capacity 2302K, committed 2304K, reserved 1048576K
}
Event: 12.972 GC heap after
{Heap after GC invocations=2 (full 0):
 garbage-first heap   total 129024K, used 10522K [0x0000000083600000, 0x0000000100000000)
  region size 1024K, 7 young (7168K), 7 survivors (7168K)
 Metaspace       used 21060K, capacity 21245K, committed 21248K, reserved 1069056K
  class space    used 2216K, capacity 2302K, committed 2304K, reserved 1048576K
}
Event: 25.101 GC heap before
{Heap before GC invocations=3 (full 0):
 garbage-first heap   total 129024K, used 69914K [0x0000000083600000, 0x0000000100000000)
  region size 1024K, 59 young (60416K), 7 survivors (7168K)
 Metaspace       used 32838K, capacity 33317K, committed 33408K, reserved 1079296K
  class space    used 4014K, capacity 4209K, committed 4224K, reserved 1048576K
}
Event: 25.120 GC heap after
{Heap after GC invocations=4 (full 0):
 garbage-first heap   total 129024K, used 23605K [0x0000000083600000, 0x0000000100000000)
  region size 1024K, 7 young (7168K), 7 survivors (7168K)
 Metaspace       used 32838K, capacity 33317K, committed 33408K, reserved 1079296K
  class space    used 4014K, capacity 4209K, committed 4224K, reserved 1048576K
}
Event: 25.893 GC heap before
{Heap before GC invocations=4 (full 0):
 garbage-first heap   total 129024K, used 32821K [0x0000000083600000, 0x0000000100000000)
  region size 1024K, 17 young (17408K), 7 survivors (7168K)
 Metaspace       used 35330K, capacity 35717K, committed 35840K, reserved 1081344K
  class space    used 4261K, capacity 4433K, committed 4480K, reserved 1048576K
}
Event: 25.909 GC heap after
{Heap after GC invocations=5 (full 0):
 garbage-first heap   total 129024K, used 25649K [0x0000000083600000, 0x0000000100000000)
  region size 1024K, 2 young (2048K), 2 survivors (2048K)
 Metaspace       used 35330K, capacity 35717K, committed 35840K, reserved 1081344K
  class space    used 4261K, capacity 4433K, committed 4480K, reserved 1048576K
}
Event: 33.358 GC heap before
{Heap before GC invocations=6 (full 0):
 garbage-first heap   total 129024K, used 70705K [0x0000000083600000, 0x0000000100000000)
  region size 1024K, 46 young (47104K), 2 survivors (2048K)
 Metaspace       used 44385K, capacity 44879K, committed 45056K, reserved 1089536K
  class space    used 5141K, capacity 5350K, committed 5376K, reserved 1048576K
}
Event: 33.366 GC heap after
{Heap after GC invocations=7 (full 0):
 garbage-first heap   total 129024K, used 27634K [0x0000000083600000, 0x0000000100000000)
  region size 1024K, 6 young (6144K), 6 survivors (6144K)
 Metaspace       used 44385K, capacity 44879K, committed 45056K, reserved 1089536K
  class space    used 5141K, capacity 5350K, committed 5376K, reserved 1048576K
}
Event: 46.087 GC heap before
{Heap before GC invocations=7 (full 0):
 garbage-first heap   total 129024K, used 77810K [0x0000000083600000, 0x0000000100000000)
  region size 1024K, 53 young (54272K), 6 survivors (6144K)
 Metaspace       used 53103K, capacity 53741K, committed 54016K, reserved 1097728K
  class space    used 6088K, capacity 6351K, committed 6400K, reserved 1048576K
}
Event: 46.106 GC heap after
{Heap after GC invocations=8 (full 0):
 garbage-first heap   total 129024K, used 37888K [0x0000000083600000, 0x0000000100000000)
  region size 1024K, 7 young (7168K), 7 survivors (7168K)
 Metaspace       used 53103K, capacity 53741K, committed 54016K, reserved 1097728K
  class space    used 6088K, capacity 6351K, committed 6400K, reserved 1048576K
}

