# JRE version: OpenJDK Runtime Environment OpenLogic-OpenJDK (11.0.25+9) (build 11.0.25+9-adhoc..jdk11u)
# Java VM: OpenJDK 64-Bit Server VM OpenLogic-OpenJDK (11.0.25+9-adhoc..jdk11u, mixed mode, tiered, compressed oops, g1 gc, windows-amd64)
Heap:
 garbage-first heap   total 129024K, used 47104K [0x0000000083600000, 0x0000000100000000)
  region size 1024K, 3 young (3072K), 2 survivors (2048K)
 Metaspace       used 56607K, capacity 57286K, committed 57600K, reserved 1105920K
  class space    used 6514K, capacity 6794K, committed 6912K, reserved 1048576K
GC Heap History (12 events):
Event: 3.630 GC heap before
{Heap before GC invocations=0 (full 0):
 garbage-first heap   total 129024K, used 18432K [0x0000000083600000, 0x0000000100000000)
  region size 1024K, 14 young (14336K), 0 survivors (0K)
 Metaspace       used 9492K, capacity 9579K, committed 9856K, reserved 1058816K
  class space    used 778K, capacity 788K, committed 896K, reserved 1048576K
}
Event: 3.900 GC heap after
{Heap after GC invocations=1 (full 0):
 garbage-first heap   total 129024K, used 6416K [0x0000000083600000, 0x0000000100000000)
  region size 1024K, 2 young (2048K), 2 survivors (2048K)
 Metaspace       used 9492K, capacity 9579K, committed 9856K, reserved 1058816K
  class space    used 778K, capacity 788K, committed 896K, reserved 1048576K
}
Event: 12.611 GC heap before
{Heap before GC invocations=1 (full 0):
 garbage-first heap   total 129024K, used 56592K [0x0000000083600000, 0x0000000100000000)
  region size 1024K, 52 young (53248K), 2 survivors (2048K)
 Metaspace       used 21058K, capacity 21245K, committed 21248K, reserved 1069056K
  class space    used 2216K, capacity 2302K, committed 2304K, reserved 1048576K
}
Event: 12.626 GC heap after
{Heap after GC invocations=2 (full 0):
 garbage-first heap   total 129024K, used 10835K [0x0000000083600000, 0x0000000100000000)
  region size 1024K, 7 young (7168K), 7 survivors (7168K)
 Metaspace       used 21058K, capacity 21245K, committed 21248K, reserved 1069056K
  class space    used 2216K, capacity 2302K, committed 2304K, reserved 1048576K
}
Event: 24.818 GC heap before
{Heap before GC invocations=3 (full 0):
 garbage-first heap   total 129024K, used 69203K [0x0000000083600000, 0x0000000100000000)
  region size 1024K, 58 young (59392K), 7 survivors (7168K)
 Metaspace       used 32408K, capacity 32862K, committed 33152K, reserved 1079296K
  class space    used 3958K, capacity 4142K, committed 4224K, reserved 1048576K
}
Event: 24.836 GC heap after
{Heap after GC invocations=4 (full 0):
 garbage-first heap   total 129024K, used 23646K [0x0000000083600000, 0x0000000100000000)
  region size 1024K, 7 young (7168K), 7 survivors (7168K)
 Metaspace       used 32408K, capacity 32862K, committed 33152K, reserved 1079296K
  class space    used 3958K, capacity 4142K, committed 4224K, reserved 1048576K
}
Event: 26.251 GC heap before
{Heap before GC invocations=4 (full 0):
 garbage-first heap   total 129024K, used 34910K [0x0000000083600000, 0x0000000100000000)
  region size 1024K, 19 young (19456K), 7 survivors (7168K)
 Metaspace       used 35349K, capacity 35717K, committed 35840K, reserved 1081344K
  class space    used 4269K, capacity 4433K, committed 4480K, reserved 1048576K
}
Event: 26.270 GC heap after
{Heap after GC invocations=5 (full 0):
 garbage-first heap   total 129024K, used 25629K [0x0000000083600000, 0x0000000100000000)
  region size 1024K, 2 young (2048K), 2 survivors (2048K)
 Metaspace       used 35349K, capacity 35717K, committed 35840K, reserved 1081344K
  class space    used 4269K, capacity 4433K, committed 4480K, reserved 1048576K
}
Event: 33.533 GC heap before
{Heap before GC invocations=6 (full 0):
 garbage-first heap   total 129024K, used 71709K [0x0000000083600000, 0x0000000100000000)
  region size 1024K, 47 young (48128K), 2 survivors (2048K)
 Metaspace       used 44779K, capacity 45298K, committed 45440K, reserved 1089536K
  class space    used 5167K, capacity 5383K, committed 5504K, reserved 1048576K
}
Event: 33.540 GC heap after
{Heap after GC invocations=7 (full 0):
 garbage-first heap   total 129024K, used 27670K [0x0000000083600000, 0x0000000100000000)
  region size 1024K, 6 young (6144K), 6 survivors (6144K)
 Metaspace       used 44779K, capacity 45298K, committed 45440K, reserved 1089536K
  class space    used 5167K, capacity 5383K, committed 5504K, reserved 1048576K
}
Event: 46.354 GC heap before
{Heap before GC invocations=7 (full 0):
 garbage-first heap   total 129024K, used 78870K [0x0000000083600000, 0x0000000100000000)
  region size 1024K, 54 young (55296K), 6 survivors (6144K)
 Metaspace       used 53890K, capacity 54545K, committed 54656K, reserved 1097728K
  class space    used 6226K, capacity 6490K, committed 6528K, reserved 1048576K
}
Event: 46.375 GC heap after
{Heap after GC invocations=8 (full 0):
 garbage-first heap   total 129024K, used 38131K [0x0000000083600000, 0x0000000100000000)
  region size 1024K, 7 young (7168K), 7 survivors (7168K)
 Metaspace       used 53890K, capacity 54545K, committed 54656K, reserved 1097728K
  class space    used 6226K, capacity 6490K, committed 6528K, reserved 1048576K
}

